  [1m[35m (0.1ms)[0m  [1m[34mSELECT sqlite_version(*)[0m
  [1m[35m (4.0ms)[0m  [1m[35mCREATE TABLE "schema_migrations" ("version" varchar NOT NULL PRIMARY KEY)[0m
  [1m[35m (3.8ms)[0m  [1m[35mCREATE TABLE "ar_internal_metadata" ("key" varchar NOT NULL PRIMARY KEY, "value" varchar, "created_at" datetime NOT NULL, "updated_at" datetime NOT NULL)[0m
  [1m[35m (0.1ms)[0m  [1m[34mSELECT "schema_migrations"."version" FROM "schema_migrations" ORDER BY "schema_migrations"."version" ASC[0m
Migrating to CreateKittens (20180214151246)
  [1m[35m (0.0ms)[0m  [1m[36mbegin transaction[0m
  [1m[35m (0.7ms)[0m  [1m[35mCREATE TABLE "kittens" ("id" INTEGER PRIMARY KEY AUTOINCREMENT NOT NULL, "name" varchar, "age" integer, "cuteness" varchar, "softness" varchar, "created_at" datetime NOT NULL, "updated_at" datetime NOT NULL)[0m
  [1m[35mSQL (0.1ms)[0m  [1m[32mINSERT INTO "schema_migrations" ("version") VALUES (?)[0m  [["version", "20180214151246"]]
  [1m[35m (18.9ms)[0m  [1m[36mcommit transaction[0m
  [1m[36mActiveRecord::InternalMetadata Load (0.2ms)[0m  [1m[34mSELECT  "ar_internal_metadata".* FROM "ar_internal_metadata" WHERE "ar_internal_metadata"."key" = ? LIMIT ?[0m  [["key", "environment"], ["LIMIT", 1]]
  [1m[35m (0.1ms)[0m  [1m[36mbegin transaction[0m
  [1m[35mSQL (0.2ms)[0m  [1m[32mINSERT INTO "ar_internal_metadata" ("key", "value", "created_at", "updated_at") VALUES (?, ?, ?, ?)[0m  [["key", "environment"], ["value", "development"], ["created_at", "2018-02-14 15:13:36.533936"], ["updated_at", "2018-02-14 15:13:36.533936"]]
  [1m[35m (14.5ms)[0m  [1m[36mcommit transaction[0m
  [1m[35m (0.1ms)[0m  [1m[34mSELECT "schema_migrations"."version" FROM "schema_migrations" ORDER BY "schema_migrations"."version" ASC[0m
Started GET "/" for 127.0.0.1 at 2018-02-14 14:50:58 -0300
  [1m[35m (0.1ms)[0m  [1m[34mSELECT "schema_migrations"."version" FROM "schema_migrations" ORDER BY "schema_migrations"."version" ASC[0m
Processing by KittensController#index as HTML
  Rendering kittens/index.html.erb within layouts/application
  [1m[36mKitten Load (0.1ms)[0m  [1m[34mSELECT "kittens".* FROM "kittens"[0m
  Rendered kittens/index.html.erb within layouts/application (2.3ms)
Completed 200 OK in 950ms (Views: 942.2ms | ActiveRecord: 0.3ms)


Started GET "/" for 127.0.0.1 at 2018-02-14 14:53:05 -0300
Processing by KittensController#index as HTML
  Rendering kittens/index.html.erb within layouts/application
  [1m[36mKitten Load (0.2ms)[0m  [1m[34mSELECT "kittens".* FROM "kittens"[0m
  Rendered kittens/index.html.erb within layouts/application (1.3ms)
Completed 200 OK in 37ms (Views: 35.6ms | ActiveRecord: 0.2ms)


Started GET "/kittens/new" for 127.0.0.1 at 2018-02-14 14:53:07 -0300
Processing by KittensController#new as HTML
  Rendering kittens/new.html.erb within layouts/application
  Rendered kittens/_form.html.erb (68.7ms)
  Rendered kittens/new.html.erb within layouts/application (70.1ms)
Completed 200 OK in 98ms (Views: 83.5ms | ActiveRecord: 0.4ms)


Started GET "/kittens/new" for 127.0.0.1 at 2018-02-14 14:53:36 -0300
Processing by KittensController#new as HTML
  Rendering kittens/new.html.erb within layouts/application
  Rendered kittens/_form.html.erb (2.0ms)
  Rendered kittens/new.html.erb within layouts/application (2.7ms)
Completed 200 OK in 16ms (Views: 15.0ms | ActiveRecord: 0.0ms)


Started GET "/kittens/new" for 127.0.0.1 at 2018-02-14 14:54:22 -0300
Processing by KittensController#new as HTML
  Rendering kittens/new.html.erb within layouts/application
  Rendered kittens/_form.html.erb (5.1ms)
  Rendered kittens/new.html.erb within layouts/application (8.5ms)
Completed 200 OK in 33ms (Views: 31.1ms | ActiveRecord: 0.0ms)


Started POST "/kittens" for 127.0.0.1 at 2018-02-14 14:54:44 -0300
Processing by KittensController#create as HTML
  Parameters: {"utf8"=>"✓", "authenticity_token"=>"htgGatWMN3OYNAuiK0mzsXSY/ZJ4vKUc53Ndya9NF6A1QVaHVL0LFmTguxRBZmxEuWxGW3GezcOhkqDL2nhneA==", "kitten"=>{"name"=>"Blanquita", "age"=>"3", "cuteness"=>"high", "softness"=>"medium"}, "commit"=>"Create"}
  [1m[35m (0.1ms)[0m  [1m[36mbegin transaction[0m
  [1m[35mSQL (3.3ms)[0m  [1m[32mINSERT INTO "kittens" ("name", "age", "cuteness", "softness", "created_at", "updated_at") VALUES (?, ?, ?, ?, ?, ?)[0m  [["name", "Blanquita"], ["age", 3], ["cuteness", "high"], ["softness", "medium"], ["created_at", "2018-02-14 17:54:44.323387"], ["updated_at", "2018-02-14 17:54:44.323387"]]
  [1m[35m (3.0ms)[0m  [1m[36mcommit transaction[0m
Redirected to http://localhost:3000/kittens/1
Completed 302 Found in 13ms (ActiveRecord: 6.3ms)


Started GET "/kittens/1" for 127.0.0.1 at 2018-02-14 14:54:44 -0300
Processing by KittensController#show as HTML
  Parameters: {"id"=>"1"}
  [1m[36mKitten Load (0.2ms)[0m  [1m[34mSELECT  "kittens".* FROM "kittens" WHERE "kittens"."id" = ? LIMIT ?[0m  [["id", 1], ["LIMIT", 1]]
  Rendering kittens/show.html.erb within layouts/application
  Rendered kittens/show.html.erb within layouts/application (153.9ms)
Completed 500 Internal Server Error in 165ms (ActiveRecord: 0.2ms)


  
ActionView::Template::Error (undefined local variable or method `kitten' for #<#<Class:0x00000004f781f0>:0x007f95fa111470>
Did you mean?  @kitten):
    1: <h1><% @kitten.name.capitalize %> Page</h1>
    2: 
    3: <ol>
    4: 	<li><%= kitten.name %></li>
    5: 	<li><%= kitten.age %></li>
    6: 	<li><%= kitten.cuteness %></li>
    7: 	<li><%= kitten.softness %></li>
  
app/views/kittens/show.html.erb:4:in `_app_views_kittens_show_html_erb___4004357869191159886_70141061142400'
Started GET "/kittens/1" for 127.0.0.1 at 2018-02-14 14:57:27 -0300
Processing by KittensController#show as HTML
  Parameters: {"id"=>"1"}
  [1m[36mKitten Load (0.1ms)[0m  [1m[34mSELECT  "kittens".* FROM "kittens" WHERE "kittens"."id" = ? LIMIT ?[0m  [["id", 1], ["LIMIT", 1]]
  Rendering kittens/show.html.erb within layouts/application
  Rendered kittens/show.html.erb within layouts/application (118.9ms)
Completed 500 Internal Server Error in 121ms (ActiveRecord: 0.1ms)


  
ActionView::Template::Error (undefined local variable or method `kitten' for #<#<Class:0x00000004f781f0>:0x007f95f91954d8>
Did you mean?  @kitten):
    1: <h1><% @kitten.name.capitalize %> Page</h1>
    2: 
    3: <ol>
    4: 	<li><%= kitten.name %></li>
    5: 	<li><%= kitten.age %></li>
    6: 	<li><%= kitten.cuteness %></li>
    7: 	<li><%= kitten.softness %></li>
  
app/views/kittens/show.html.erb:4:in `_app_views_kittens_show_html_erb___4004357869191159886_70141053024000'
Started GET "/kittens/1" for 127.0.0.1 at 2018-02-14 14:57:29 -0300
Processing by KittensController#show as HTML
  Parameters: {"id"=>"1"}
  [1m[36mKitten Load (0.1ms)[0m  [1m[34mSELECT  "kittens".* FROM "kittens" WHERE "kittens"."id" = ? LIMIT ?[0m  [["id", 1], ["LIMIT", 1]]
  Rendering kittens/show.html.erb within layouts/application
  Rendered kittens/show.html.erb within layouts/application (140.8ms)
Completed 500 Internal Server Error in 143ms (ActiveRecord: 0.1ms)


  
ActionView::Template::Error (undefined local variable or method `kitten' for #<#<Class:0x00000004f781f0>:0x007f95f4331260>
Did you mean?  @kitten):
    1: <h1><% @kitten.name.capitalize %> Page</h1>
    2: 
    3: <ol>
    4: 	<li><%= kitten.name %></li>
    5: 	<li><%= kitten.age %></li>
    6: 	<li><%= kitten.cuteness %></li>
    7: 	<li><%= kitten.softness %></li>
  
app/views/kittens/show.html.erb:4:in `_app_views_kittens_show_html_erb___4004357869191159886_70141011922460'
Started GET "/kittens/1" for 127.0.0.1 at 2018-02-14 14:57:31 -0300
Processing by KittensController#show as HTML
  Parameters: {"id"=>"1"}
  [1m[36mKitten Load (0.2ms)[0m  [1m[34mSELECT  "kittens".* FROM "kittens" WHERE "kittens"."id" = ? LIMIT ?[0m  [["id", 1], ["LIMIT", 1]]
  Rendering kittens/show.html.erb within layouts/application
  Rendered kittens/show.html.erb within layouts/application (154.6ms)
Completed 500 Internal Server Error in 166ms (ActiveRecord: 0.2ms)


  
ActionView::Template::Error (undefined local variable or method `kitten' for #<#<Class:0x00000004f781f0>:0x007f95f43311e8>
Did you mean?  @kitten):
    1: <h1><% @kitten.name.capitalize %> Page</h1>
    2: 
    3: <ol>
    4: 	<li><%= kitten.name %></li>
    5: 	<li><%= kitten.age %></li>
    6: 	<li><%= kitten.cuteness %></li>
    7: 	<li><%= kitten.softness %></li>
  
app/views/kittens/show.html.erb:4:in `_app_views_kittens_show_html_erb___4004357869191159886_70141011923060'
Started GET "/kittens/1" for 127.0.0.1 at 2018-02-14 14:59:59 -0300
Processing by KittensController#show as HTML
  Parameters: {"id"=>"1"}
  [1m[36mKitten Load (0.1ms)[0m  [1m[34mSELECT  "kittens".* FROM "kittens" WHERE "kittens"."id" = ? LIMIT ?[0m  [["id", 1], ["LIMIT", 1]]
  Rendering kittens/show.html.erb within layouts/application
  Rendered kittens/show.html.erb within layouts/application (0.3ms)
Completed 200 OK in 11ms (Views: 9.9ms | ActiveRecord: 0.1ms)


Started GET "/kittens/1" for 127.0.0.1 at 2018-02-14 15:00:10 -0300
Processing by KittensController#show as HTML
  Parameters: {"id"=>"1"}
  [1m[36mKitten Load (0.1ms)[0m  [1m[34mSELECT  "kittens".* FROM "kittens" WHERE "kittens"."id" = ? LIMIT ?[0m  [["id", 1], ["LIMIT", 1]]
  Rendering kittens/show.html.erb within layouts/application
  Rendered kittens/show.html.erb within layouts/application (0.3ms)
Completed 200 OK in 26ms (Views: 24.7ms | ActiveRecord: 0.1ms)


Started GET "/kittens/1" for 127.0.0.1 at 2018-02-14 15:00:47 -0300
Processing by KittensController#show as HTML
  Parameters: {"id"=>"1"}
  [1m[36mKitten Load (0.1ms)[0m  [1m[34mSELECT  "kittens".* FROM "kittens" WHERE "kittens"."id" = ? LIMIT ?[0m  [["id", 1], ["LIMIT", 1]]
  Rendering kittens/show.html.erb within layouts/application
  Rendered kittens/show.html.erb within layouts/application (0.3ms)
Completed 200 OK in 17ms (Views: 15.5ms | ActiveRecord: 0.1ms)


Started GET "/kittens/1" for 127.0.0.1 at 2018-02-14 15:01:11 -0300
Processing by KittensController#show as HTML
  Parameters: {"id"=>"1"}
  [1m[36mKitten Load (0.1ms)[0m  [1m[34mSELECT  "kittens".* FROM "kittens" WHERE "kittens"."id" = ? LIMIT ?[0m  [["id", 1], ["LIMIT", 1]]
  Rendering kittens/show.html.erb within layouts/application
  Rendered kittens/show.html.erb within layouts/application (0.3ms)
Completed 200 OK in 20ms (Views: 18.1ms | ActiveRecord: 0.1ms)


Started GET "/kittens/1" for 127.0.0.1 at 2018-02-14 15:06:39 -0300
Processing by KittensController#show as HTML
  Parameters: {"id"=>"1"}
  [1m[36mKitten Load (0.1ms)[0m  [1m[34mSELECT  "kittens".* FROM "kittens" WHERE "kittens"."id" = ? LIMIT ?[0m  [["id", 1], ["LIMIT", 1]]
  Rendering kittens/show.html.erb within layouts/application
  Rendered shared/_kitten_info.html.erb (0.4ms)
  Rendered kittens/show.html.erb within layouts/application (1.2ms)
Completed 200 OK in 15ms (Views: 13.7ms | ActiveRecord: 0.1ms)


Started GET "/kittens/1" for 127.0.0.1 at 2018-02-14 15:06:40 -0300
Processing by KittensController#show as HTML
  Parameters: {"id"=>"1"}
  [1m[36mKitten Load (0.3ms)[0m  [1m[34mSELECT  "kittens".* FROM "kittens" WHERE "kittens"."id" = ? LIMIT ?[0m  [["id", 1], ["LIMIT", 1]]
  Rendering kittens/show.html.erb within layouts/application
  Rendered shared/_kitten_info.html.erb (0.4ms)
  Rendered kittens/show.html.erb within layouts/application (3.6ms)
Completed 200 OK in 34ms (Views: 30.7ms | ActiveRecord: 0.3ms)


Started GET "/kittens/1" for 127.0.0.1 at 2018-02-14 15:06:41 -0300
Processing by KittensController#show as HTML
  Parameters: {"id"=>"1"}
  [1m[36mKitten Load (0.1ms)[0m  [1m[34mSELECT  "kittens".* FROM "kittens" WHERE "kittens"."id" = ? LIMIT ?[0m  [["id", 1], ["LIMIT", 1]]
  Rendering kittens/show.html.erb within layouts/application
  Rendered shared/_kitten_info.html.erb (0.4ms)
  Rendered kittens/show.html.erb within layouts/application (1.3ms)
Completed 200 OK in 16ms (Views: 14.9ms | ActiveRecord: 0.1ms)


Started GET "/" for 127.0.0.1 at 2018-02-14 15:07:17 -0300
Processing by KittensController#index as HTML
  Rendering kittens/index.html.erb within layouts/application
  [1m[36mKitten Load (0.3ms)[0m  [1m[34mSELECT "kittens".* FROM "kittens"[0m
  Rendered shared/_kitten_info.html.erb (1.8ms)
  Rendered kittens/index.html.erb within layouts/application (4.2ms)
Completed 500 Internal Server Error in 6ms (ActiveRecord: 0.3ms)


  
ActionView::Template::Error (undefined method `softness' for nil:NilClass):
    2: 	<li>Name: <%= object.name %></li>
    3: 	<li>Age: <%= object.age %></li>
    4: 	<li>cuteness: <%= object.cuteness %></li>
    5: 	<li>Softness: <%= @kitten.softness %></li>
    6: </ul>
  
app/views/shared/_kitten_info.html.erb:5:in `_app_views_shared__kitten_info_html_erb___1871705691669683759_70141011116040'
app/views/kittens/index.html.erb:6:in `block in _app_views_kittens_index_html_erb___3999820291168219754_70141011280600'
app/views/kittens/index.html.erb:5:in `_app_views_kittens_index_html_erb___3999820291168219754_70141011280600'
Started GET "/kittens/1" for 127.0.0.1 at 2018-02-14 15:07:30 -0300
Processing by KittensController#show as HTML
  Parameters: {"id"=>"1"}
  [1m[36mKitten Load (0.3ms)[0m  [1m[34mSELECT  "kittens".* FROM "kittens" WHERE "kittens"."id" = ? LIMIT ?[0m  [["id", 1], ["LIMIT", 1]]
  Rendering kittens/show.html.erb within layouts/application
  Rendered shared/_kitten_info.html.erb (0.5ms)
  Rendered kittens/show.html.erb within layouts/application (3.3ms)
Completed 200 OK in 29ms (Views: 23.9ms | ActiveRecord: 0.3ms)


Started GET "/" for 127.0.0.1 at 2018-02-14 15:07:46 -0300
Processing by KittensController#index as HTML
  Rendering kittens/index.html.erb within layouts/application
  [1m[36mKitten Load (0.2ms)[0m  [1m[34mSELECT "kittens".* FROM "kittens"[0m
  Rendered shared/_kitten_info.html.erb (0.4ms)
  Rendered kittens/index.html.erb within layouts/application (2.1ms)
Completed 200 OK in 19ms (Views: 18.0ms | ActiveRecord: 0.2ms)


Started GET "/kittens/new" for 127.0.0.1 at 2018-02-14 15:08:47 -0300
Processing by KittensController#new as HTML
  Rendering kittens/new.html.erb within layouts/application
  Rendered kittens/_form.html.erb (1.6ms)
  Rendered kittens/new.html.erb within layouts/application (2.3ms)
Completed 200 OK in 20ms (Views: 19.0ms | ActiveRecord: 0.0ms)


Started POST "/kittens" for 127.0.0.1 at 2018-02-14 15:09:02 -0300
Processing by KittensController#create as HTML
  Parameters: {"utf8"=>"✓", "authenticity_token"=>"weHrptWQJP7+DhvXb3LTcRZw6Spw32dK/POrNns2FRxrNOBJVBWFoXujhJVic0Tk7Ro2u+zoZsqXpgIYfUO45g==", "kitten"=>{"name"=>"Nani", "age"=>"5", "cuteness"=>"high", "softness"=>"low"}, "commit"=>"Create"}
  [1m[35m (0.0ms)[0m  [1m[36mbegin transaction[0m
  [1m[35mSQL (0.6ms)[0m  [1m[32mINSERT INTO "kittens" ("name", "age", "cuteness", "softness", "created_at", "updated_at") VALUES (?, ?, ?, ?, ?, ?)[0m  [["name", "Nani"], ["age", 5], ["cuteness", "high"], ["softness", "low"], ["created_at", "2018-02-14 18:09:02.904635"], ["updated_at", "2018-02-14 18:09:02.904635"]]
  [1m[35m (5.5ms)[0m  [1m[36mcommit transaction[0m
Redirected to http://localhost:3000/kittens/2
Completed 302 Found in 9ms (ActiveRecord: 6.1ms)


Started GET "/kittens/2" for 127.0.0.1 at 2018-02-14 15:09:02 -0300
Processing by KittensController#show as HTML
  Parameters: {"id"=>"2"}
  [1m[36mKitten Load (0.1ms)[0m  [1m[34mSELECT  "kittens".* FROM "kittens" WHERE "kittens"."id" = ? LIMIT ?[0m  [["id", 2], ["LIMIT", 1]]
  Rendering kittens/show.html.erb within layouts/application
  Rendered shared/_kitten_info.html.erb (0.3ms)
  Rendered kittens/show.html.erb within layouts/application (1.0ms)
Completed 200 OK in 16ms (Views: 14.7ms | ActiveRecord: 0.1ms)


Started GET "/kittens/2" for 127.0.0.1 at 2018-02-14 15:09:22 -0300
Processing by KittensController#show as HTML
  Parameters: {"id"=>"2"}
  [1m[36mKitten Load (0.1ms)[0m  [1m[34mSELECT  "kittens".* FROM "kittens" WHERE "kittens"."id" = ? LIMIT ?[0m  [["id", 2], ["LIMIT", 1]]
  Rendering kittens/show.html.erb within layouts/application
  Rendered shared/_kitten_info.html.erb (0.3ms)
  Rendered kittens/show.html.erb within layouts/application (1.0ms)
Completed 200 OK in 24ms (Views: 22.4ms | ActiveRecord: 0.1ms)


Started GET "/" for 127.0.0.1 at 2018-02-14 15:09:25 -0300
Processing by KittensController#index as HTML
  Rendering kittens/index.html.erb within layouts/application
  [1m[36mKitten Load (0.2ms)[0m  [1m[34mSELECT "kittens".* FROM "kittens"[0m
  Rendered shared/_kitten_info.html.erb (0.3ms)
  Rendered shared/_kitten_info.html.erb (0.0ms)
  Rendered kittens/index.html.erb within layouts/application (2.3ms)
Completed 200 OK in 18ms (Views: 16.8ms | ActiveRecord: 0.2ms)


Started GET "/" for 127.0.0.1 at 2018-02-14 15:09:57 -0300
Processing by KittensController#index as HTML
  Rendering kittens/index.html.erb within layouts/application
  [1m[36mKitten Load (0.1ms)[0m  [1m[34mSELECT "kittens".* FROM "kittens"[0m
  Rendered shared/_kitten_info.html.erb (0.3ms)
  Rendered shared/_kitten_info.html.erb (0.1ms)
  Rendered kittens/index.html.erb within layouts/application (2.3ms)
Completed 200 OK in 25ms (Views: 24.0ms | ActiveRecord: 0.1ms)


Started GET "/" for 127.0.0.1 at 2018-02-14 15:10:47 -0300
Processing by KittensController#index as HTML
  Rendering kittens/index.html.erb within layouts/application
  [1m[36mKitten Load (0.1ms)[0m  [1m[34mSELECT "kittens".* FROM "kittens"[0m
  Rendered shared/_kitten_info.html.erb (0.3ms)
  Rendered shared/_kitten_info.html.erb (0.0ms)
  Rendered kittens/index.html.erb within layouts/application (2.0ms)
Completed 200 OK in 22ms (Views: 21.1ms | ActiveRecord: 0.1ms)


Started GET "/" for 127.0.0.1 at 2018-02-14 15:11:10 -0300
Processing by KittensController#index as HTML
  Rendering kittens/index.html.erb within layouts/application
  [1m[36mKitten Load (0.1ms)[0m  [1m[34mSELECT "kittens".* FROM "kittens"[0m
  Rendered shared/_kitten_info.html.erb (0.2ms)
  Rendered shared/_kitten_info.html.erb (0.0ms)
  Rendered kittens/index.html.erb within layouts/application (1.9ms)
Completed 200 OK in 16ms (Views: 15.4ms | ActiveRecord: 0.1ms)


Started GET "/" for 127.0.0.1 at 2018-02-14 15:11:12 -0300
Processing by KittensController#index as HTML
  Rendering kittens/index.html.erb within layouts/application
  [1m[36mKitten Load (0.3ms)[0m  [1m[34mSELECT "kittens".* FROM "kittens"[0m
  Rendered shared/_kitten_info.html.erb (0.8ms)
  Rendered shared/_kitten_info.html.erb (0.1ms)
  Rendered kittens/index.html.erb within layouts/application (7.8ms)
Completed 200 OK in 27ms (Views: 24.9ms | ActiveRecord: 0.3ms)


Started GET "/" for 127.0.0.1 at 2018-02-14 15:11:20 -0300
Processing by KittensController#index as HTML
  Rendering kittens/index.html.erb within layouts/application
  [1m[36mKitten Load (0.1ms)[0m  [1m[34mSELECT "kittens".* FROM "kittens"[0m
  Rendered shared/_kitten_info.html.erb (0.3ms)
  Rendered shared/_kitten_info.html.erb (0.1ms)
  Rendered kittens/index.html.erb within layouts/application (2.2ms)
Completed 200 OK in 12ms (Views: 11.2ms | ActiveRecord: 0.1ms)


Started GET "/" for 127.0.0.1 at 2018-02-14 15:11:21 -0300
Processing by KittensController#index as HTML
  Rendering kittens/index.html.erb within layouts/application
  [1m[36mKitten Load (0.2ms)[0m  [1m[34mSELECT "kittens".* FROM "kittens"[0m
  Rendered shared/_kitten_info.html.erb (0.4ms)
  Rendered shared/_kitten_info.html.erb (0.1ms)
  Rendered kittens/index.html.erb within layouts/application (3.7ms)
Completed 200 OK in 29ms (Views: 28.2ms | ActiveRecord: 0.2ms)


Started GET "/" for 127.0.0.1 at 2018-02-14 15:12:01 -0300
Processing by KittensController#index as HTML
  Rendering kittens/index.html.erb within layouts/application
  [1m[36mKitten Load (0.1ms)[0m  [1m[34mSELECT "kittens".* FROM "kittens"[0m
  Rendered shared/_kitten_info.html.erb (0.2ms)
  Rendered shared/_kitten_info.html.erb (0.0ms)
  Rendered kittens/index.html.erb within layouts/application (1.8ms)
Completed 200 OK in 13ms (Views: 11.9ms | ActiveRecord: 0.1ms)


Started GET "/kittens/2/edit" for 127.0.0.1 at 2018-02-14 15:12:58 -0300
Processing by KittensController#edit as HTML
  Parameters: {"id"=>"2"}
  Rendering kittens/edit.html.erb within layouts/application
  Rendered kittens/_form.html.erb (1.0ms)
  Rendered kittens/edit.html.erb within layouts/application (1.8ms)
Completed 500 Internal Server Error in 4ms (ActiveRecord: 0.0ms)


  
ActionView::Template::Error (First argument in form cannot contain nil or be empty):
    1: <%= form_for(@kitten) do |f| %>
    2: 
    3: 	<%= f.label :name %><br>
    4: 	<%= f.text_field :name %><br><br>
  
app/views/kittens/_form.html.erb:1:in `_app_views_kittens__form_html_erb___2201040453500661395_70141064428600'
app/views/kittens/edit.html.erb:3:in `_app_views_kittens_edit_html_erb___4269388713275478074_70141064386520'
Started GET "/kittens/2/edit" for 127.0.0.1 at 2018-02-14 15:27:05 -0300
Processing by KittensController#edit as HTML
  Parameters: {"id"=>"2"}
  Rendering kittens/edit.html.erb within layouts/application
  Rendered kittens/_form.html.erb (1.6ms)
  Rendered kittens/edit.html.erb within layouts/application (2.3ms)
Completed 200 OK in 24ms (Views: 12.3ms | ActiveRecord: 0.6ms)


Started GET "/kittens/2/edit" for 127.0.0.1 at 2018-02-14 15:29:37 -0300
Processing by KittensController#edit as HTML
  Parameters: {"id"=>"2"}
  Rendering kittens/edit.html.erb within layouts/application
  Rendered kittens/edit.html.erb within layouts/application (7.5ms)
Completed 500 Internal Server Error in 14ms (ActiveRecord: 0.0ms)


  
ActionView::Template::Error (No route matches {:action=>"show", :controller=>"kittens", :id=>nil}, missing required keys: [:id]):
    1: <% provide(:action, kitten_path(@kitten)) %>
    2: <h1>Edit Your Kitten</h1>
    3: 
    4: <%= render 'form' %>
  
app/views/kittens/edit.html.erb:1:in `_app_views_kittens_edit_html_erb___4269388713275478074_70140945077660'
Started GET "/kittens/2/edit" for 127.0.0.1 at 2018-02-14 15:30:44 -0300
Processing by KittensController#edit as HTML
  Parameters: {"id"=>"2"}
  Rendering kittens/edit.html.erb within layouts/application
  Rendered kittens/edit.html.erb within layouts/application (1.0ms)
Completed 500 Internal Server Error in 3ms (ActiveRecord: 0.0ms)


  
ActionView::Template::Error (No route matches {:action=>"edit", :controller=>"kittens", :id=>nil}, missing required keys: [:id]):
    1: <% provide(:action, edit_kitten_path(@kitten)) %>
    2: <h1>Edit Your Kitten</h1>
    3: 
    4: <%= render 'form' %>
  
app/views/kittens/edit.html.erb:1:in `_app_views_kittens_edit_html_erb___4269388713275478074_70141066492320'
Started GET "/kittens/2/edit" for 127.0.0.1 at 2018-02-14 15:32:36 -0300
Processing by KittensController#edit as HTML
  Parameters: {"id"=>"2"}
  Rendering kittens/edit.html.erb within layouts/application
  Rendered kittens/edit.html.erb within layouts/application (1.3ms)
Completed 500 Internal Server Error in 4ms (ActiveRecord: 0.0ms)


  
ActionView::Template::Error (No route matches {:action=>"show", :controller=>"kittens", :id=>nil}, missing required keys: [:id]):
    1: <% provide(:action, kitten_path(@kitten)) %>
    2: <h1>Edit Your Kitten</h1>
    3: 
    4: <%= render 'form' %>
  
app/views/kittens/edit.html.erb:1:in `_app_views_kittens_edit_html_erb___4269388713275478074_70140978241360'
Started GET "/kittens/2/edit" for 127.0.0.1 at 2018-02-14 15:38:02 -0300
Processing by KittensController#edit as HTML
  Parameters: {"id"=>"2"}
  [1m[36mKitten Load (0.1ms)[0m  [1m[34mSELECT  "kittens".* FROM "kittens" WHERE "kittens"."id" = ? LIMIT ?[0m  [["id", 2], ["LIMIT", 1]]
  Rendering kittens/edit.html.erb within layouts/application
  Rendered kittens/_form.html.erb (1.5ms)
  Rendered kittens/edit.html.erb within layouts/application (2.4ms)
Completed 200 OK in 23ms (Views: 14.3ms | ActiveRecord: 0.9ms)


Started GET "/kittens" for 127.0.0.1 at 2018-02-14 15:38:08 -0300
Processing by KittensController#index as HTML
  Rendering kittens/index.html.erb within layouts/application
  [1m[36mKitten Load (0.2ms)[0m  [1m[34mSELECT "kittens".* FROM "kittens"[0m
  Rendered shared/_kitten_info.html.erb (0.3ms)
  Rendered shared/_kitten_info.html.erb (0.0ms)
  Rendered kittens/index.html.erb within layouts/application (2.2ms)
Completed 200 OK in 17ms (Views: 16.4ms | ActiveRecord: 0.2ms)


Started GET "/kittens/2" for 127.0.0.1 at 2018-02-14 15:38:18 -0300
Processing by KittensController#show as HTML
  Parameters: {"id"=>"2"}
  [1m[36mKitten Load (0.1ms)[0m  [1m[34mSELECT  "kittens".* FROM "kittens" WHERE "kittens"."id" = ? LIMIT ?[0m  [["id", 2], ["LIMIT", 1]]
  Rendering kittens/show.html.erb within layouts/application
  Rendered shared/_kitten_info.html.erb (0.2ms)
  Rendered kittens/show.html.erb within layouts/application (0.9ms)
Completed 200 OK in 21ms (Views: 19.4ms | ActiveRecord: 0.1ms)


Started GET "/kittens/2/edit" for 127.0.0.1 at 2018-02-14 15:38:23 -0300
Processing by KittensController#edit as HTML
  Parameters: {"id"=>"2"}
  [1m[36mKitten Load (0.1ms)[0m  [1m[34mSELECT  "kittens".* FROM "kittens" WHERE "kittens"."id" = ? LIMIT ?[0m  [["id", 2], ["LIMIT", 1]]
  Rendering kittens/edit.html.erb within layouts/application
  Rendered kittens/_form.html.erb (3.0ms)
  Rendered kittens/edit.html.erb within layouts/application (3.9ms)
Completed 200 OK in 16ms (Views: 14.9ms | ActiveRecord: 0.1ms)


Started PATCH "/kittens/2" for 127.0.0.1 at 2018-02-14 15:38:35 -0300
Processing by KittensController#update as HTML
  Parameters: {"utf8"=>"✓", "authenticity_token"=>"7gYlvwFithmg6mDEphWyrb/d4tsrVGI03TOqmDjAAIRdn3VSgFOKfFw+0HLMOm1YcilZEiJ2Cuub0leaTfVwXA==", "kitten"=>{"name"=>"Nani", "age"=>"4", "cuteness"=>"high", "softness"=>"low"}, "commit"=>"Create", "id"=>"2"}
  [1m[36mKitten Load (0.2ms)[0m  [1m[34mSELECT  "kittens".* FROM "kittens" WHERE "kittens"."id" = ? LIMIT ?[0m  [["id", 2], ["LIMIT", 1]]
  [1m[35m (0.1ms)[0m  [1m[36mbegin transaction[0m
  [1m[35mSQL (2.3ms)[0m  [1m[33mUPDATE "kittens" SET "age" = ?, "updated_at" = ? WHERE "kittens"."id" = ?[0m  [["age", 4], ["updated_at", "2018-02-14 18:38:35.229452"], ["id", 2]]
  [1m[35m (19.3ms)[0m  [1m[36mcommit transaction[0m
Redirected to http://localhost:3000/kittens/2
Completed 302 Found in 28ms (ActiveRecord: 21.8ms)


Started GET "/kittens/2" for 127.0.0.1 at 2018-02-14 15:38:35 -0300
Processing by KittensController#show as HTML
  Parameters: {"id"=>"2"}
  [1m[36mKitten Load (0.1ms)[0m  [1m[34mSELECT  "kittens".* FROM "kittens" WHERE "kittens"."id" = ? LIMIT ?[0m  [["id", 2], ["LIMIT", 1]]
  Rendering kittens/show.html.erb within layouts/application
  Rendered shared/_kitten_info.html.erb (0.3ms)
  Rendered kittens/show.html.erb within layouts/application (0.9ms)
Completed 200 OK in 12ms (Views: 10.6ms | ActiveRecord: 0.1ms)


Started GET "/kittens" for 127.0.0.1 at 2018-02-14 15:38:39 -0300
Processing by KittensController#index as HTML
  Rendering kittens/index.html.erb within layouts/application
  [1m[36mKitten Load (0.1ms)[0m  [1m[34mSELECT "kittens".* FROM "kittens"[0m
  Rendered shared/_kitten_info.html.erb (0.3ms)
  Rendered shared/_kitten_info.html.erb (0.0ms)
  Rendered kittens/index.html.erb within layouts/application (1.9ms)
Completed 200 OK in 16ms (Views: 15.5ms | ActiveRecord: 0.1ms)


Started GET "/kittens/2/edit" for 127.0.0.1 at 2018-02-14 15:39:13 -0300
Processing by KittensController#edit as HTML
  Parameters: {"id"=>"2"}
  [1m[36mKitten Load (0.1ms)[0m  [1m[34mSELECT  "kittens".* FROM "kittens" WHERE "kittens"."id" = ? LIMIT ?[0m  [["id", 2], ["LIMIT", 1]]
  Rendering kittens/edit.html.erb within layouts/application
  Rendered kittens/_form.html.erb (1.4ms)
  Rendered kittens/edit.html.erb within layouts/application (2.3ms)
Completed 200 OK in 21ms (Views: 19.6ms | ActiveRecord: 0.1ms)


Started PATCH "/kittens/2" for 127.0.0.1 at 2018-02-14 15:39:16 -0300
Processing by KittensController#update as HTML
  Parameters: {"utf8"=>"✓", "authenticity_token"=>"bxoxGVCSwXh1AbyqonfVebc2yFXpRhtoVfItVDAfqtjcg2H00aP9HYnVDBzIWAqMesJznOBkc7cTE9BWRSraAA==", "kitten"=>{"name"=>"Nani", "age"=>"5", "cuteness"=>"high", "softness"=>"low"}, "commit"=>"Create", "id"=>"2"}
  [1m[36mKitten Load (0.1ms)[0m  [1m[34mSELECT  "kittens".* FROM "kittens" WHERE "kittens"."id" = ? LIMIT ?[0m  [["id", 2], ["LIMIT", 1]]
  [1m[35m (0.1ms)[0m  [1m[36mbegin transaction[0m
  [1m[35mSQL (1.0ms)[0m  [1m[33mUPDATE "kittens" SET "age" = ?, "updated_at" = ? WHERE "kittens"."id" = ?[0m  [["age", 5], ["updated_at", "2018-02-14 18:39:16.856097"], ["id", 2]]
  [1m[35m (10.0ms)[0m  [1m[36mcommit transaction[0m
Redirected to http://localhost:3000/kittens/2
Completed 302 Found in 15ms (ActiveRecord: 11.2ms)


Started GET "/kittens/2" for 127.0.0.1 at 2018-02-14 15:39:16 -0300
Processing by KittensController#show as HTML
  Parameters: {"id"=>"2"}
  [1m[36mKitten Load (0.2ms)[0m  [1m[34mSELECT  "kittens".* FROM "kittens" WHERE "kittens"."id" = ? LIMIT ?[0m  [["id", 2], ["LIMIT", 1]]
  Rendering kittens/show.html.erb within layouts/application
  Rendered shared/_kitten_info.html.erb (0.4ms)
  Rendered kittens/show.html.erb within layouts/application (1.2ms)
Completed 200 OK in 14ms (Views: 12.1ms | ActiveRecord: 0.2ms)


Started GET "/kittens/2/edit" for 127.0.0.1 at 2018-02-14 15:40:37 -0300
Processing by KittensController#edit as HTML
  Parameters: {"id"=>"2"}
  [1m[36mKitten Load (0.1ms)[0m  [1m[34mSELECT  "kittens".* FROM "kittens" WHERE "kittens"."id" = ? LIMIT ?[0m  [["id", 2], ["LIMIT", 1]]
  Rendering kittens/edit.html.erb within layouts/application
  Rendered kittens/_form.html.erb (1.5ms)
  Rendered kittens/edit.html.erb within layouts/application (2.4ms)
Completed 200 OK in 15ms (Views: 13.5ms | ActiveRecord: 0.1ms)


Started PATCH "/kittens/2" for 127.0.0.1 at 2018-02-14 15:40:39 -0300
Processing by KittensController#update as HTML
  Parameters: {"utf8"=>"✓", "authenticity_token"=>"HEDc7/fXGFxQGHozz+kQRziQ3t7R0XvyvJX7wjap64ev2YwCduYkOazMyoWlxs+y9WRlF9jzEy36dAbAQ5ybXw==", "kitten"=>{"name"=>"Nani", "age"=>"", "cuteness"=>"high", "softness"=>"low"}, "commit"=>"Create", "id"=>"2"}
  [1m[36mKitten Load (0.1ms)[0m  [1m[34mSELECT  "kittens".* FROM "kittens" WHERE "kittens"."id" = ? LIMIT ?[0m  [["id", 2], ["LIMIT", 1]]
  [1m[35m (0.0ms)[0m  [1m[36mbegin transaction[0m
  [1m[35m (0.1ms)[0m  [1m[31mrollback transaction[0m
  Rendering kittens/edit.html.erb within layouts/application
  Rendered kittens/_form.html.erb (1.4ms)
  Rendered kittens/edit.html.erb within layouts/application (2.2ms)
Completed 200 OK in 17ms (Views: 15.2ms | ActiveRecord: 0.2ms)


Started PATCH "/kittens/2" for 127.0.0.1 at 2018-02-14 15:40:41 -0300
Processing by KittensController#update as HTML
  Parameters: {"utf8"=>"✓", "authenticity_token"=>"hfJiwfZ+92UYnkFuFO1dsOWCZrd/hzi7Z+3XMAmbjnk2azIsd0/LAORK8dh+woJFKHbdfnalUGQhDCoyfK7+oQ==", "kitten"=>{"name"=>"Nani", "age"=>"", "cuteness"=>"high", "softness"=>"low"}, "commit"=>"Create", "id"=>"2"}
  [1m[36mKitten Load (0.1ms)[0m  [1m[34mSELECT  "kittens".* FROM "kittens" WHERE "kittens"."id" = ? LIMIT ?[0m  [["id", 2], ["LIMIT", 1]]
  [1m[35m (0.0ms)[0m  [1m[36mbegin transaction[0m
  [1m[35m (0.0ms)[0m  [1m[31mrollback transaction[0m
  Rendering kittens/edit.html.erb within layouts/application
  Rendered kittens/_form.html.erb (1.2ms)
  Rendered kittens/edit.html.erb within layouts/application (2.0ms)
Completed 200 OK in 15ms (Views: 13.2ms | ActiveRecord: 0.2ms)


Started PATCH "/kittens/2" for 127.0.0.1 at 2018-02-14 15:42:34 -0300
Processing by KittensController#update as HTML
  Parameters: {"utf8"=>"✓", "authenticity_token"=>"IlU/IHhyu9FVJwkpAiw2OZ8CM0mtCZJmZfZY1/IzwsGRzG/N+UOHtKnzuZ9oA+nMUvaIgKQr+rkjF6XVhwayGQ==", "kitten"=>{"name"=>"Nani", "age"=>"", "cuteness"=>"high", "softness"=>"low"}, "commit"=>"Create", "id"=>"2"}
  [1m[36mKitten Load (0.2ms)[0m  [1m[34mSELECT  "kittens".* FROM "kittens" WHERE "kittens"."id" = ? LIMIT ?[0m  [["id", 2], ["LIMIT", 1]]
  [1m[35m (0.1ms)[0m  [1m[36mbegin transaction[0m
  [1m[35m (0.1ms)[0m  [1m[31mrollback transaction[0m
  Rendering kittens/edit.html.erb within layouts/application
  Rendered kittens/_form.html.erb (2.2ms)
  Rendered kittens/edit.html.erb within layouts/application (5.8ms)
Completed 200 OK in 24ms (Views: 21.1ms | ActiveRecord: 0.3ms)


Started PATCH "/kittens/2" for 127.0.0.1 at 2018-02-14 15:43:42 -0300
Processing by KittensController#update as HTML
  Parameters: {"utf8"=>"✓", "authenticity_token"=>"OwM8eWssEZySs5DecXYx7rKnjUBxPDMDcSSqm40tW5+ImmyU6h0t+W5nIGgbWe4bf1M2iXgeW9w3xVeZ+BgrRw==", "kitten"=>{"name"=>"Nani", "age"=>"5", "cuteness"=>"high", "softness"=>"low"}, "commit"=>"Create", "id"=>"2"}
  [1m[36mKitten Load (0.2ms)[0m  [1m[34mSELECT  "kittens".* FROM "kittens" WHERE "kittens"."id" = ? LIMIT ?[0m  [["id", 2], ["LIMIT", 1]]
  [1m[35m (0.1ms)[0m  [1m[36mbegin transaction[0m
  [1m[35m (0.0ms)[0m  [1m[36mcommit transaction[0m
Redirected to http://localhost:3000/kittens/2
Completed 302 Found in 3ms (ActiveRecord: 0.3ms)


Started GET "/kittens/2" for 127.0.0.1 at 2018-02-14 15:43:42 -0300
Processing by KittensController#show as HTML
  Parameters: {"id"=>"2"}
  [1m[36mKitten Load (0.1ms)[0m  [1m[34mSELECT  "kittens".* FROM "kittens" WHERE "kittens"."id" = ? LIMIT ?[0m  [["id", 2], ["LIMIT", 1]]
  Rendering kittens/show.html.erb within layouts/application
  Rendered shared/_kitten_info.html.erb (0.3ms)
  Rendered kittens/show.html.erb within layouts/application (1.3ms)
Completed 200 OK in 21ms (Views: 19.4ms | ActiveRecord: 0.1ms)


Started GET "/kittens" for 127.0.0.1 at 2018-02-14 15:43:47 -0300
Processing by KittensController#index as HTML
  Rendering kittens/index.html.erb within layouts/application
  [1m[36mKitten Load (0.1ms)[0m  [1m[34mSELECT "kittens".* FROM "kittens"[0m
  Rendered shared/_kitten_info.html.erb (0.2ms)
  Rendered shared/_kitten_info.html.erb (0.0ms)
  Rendered kittens/index.html.erb within layouts/application (2.4ms)
Completed 200 OK in 23ms (Views: 22.6ms | ActiveRecord: 0.1ms)


Started GET "/" for 127.0.0.1 at 2018-02-19 11:13:14 -0300
  [1m[35m (0.2ms)[0m  [1m[34mSELECT "schema_migrations"."version" FROM "schema_migrations" ORDER BY "schema_migrations"."version" ASC[0m
Processing by KittensController#index as HTML
  Rendering kittens/index.html.erb within layouts/application
  [1m[36mKitten Load (0.2ms)[0m  [1m[34mSELECT "kittens".* FROM "kittens"[0m
  Rendered shared/_kitten_info.html.erb (0.5ms)
  Rendered shared/_kitten_info.html.erb (0.0ms)
  Rendered kittens/index.html.erb within layouts/application (13.5ms)
Completed 200 OK in 330ms (Views: 303.2ms | ActiveRecord: 0.8ms)


Started GET "/" for 127.0.0.1 at 2018-02-19 11:15:21 -0300
Processing by KittensController#index as HTML
  Rendering kittens/index.html.erb within layouts/application
  [1m[36mKitten Load (0.1ms)[0m  [1m[34mSELECT "kittens".* FROM "kittens"[0m
  Rendered shared/_kitten_info.html.erb (0.6ms)
  Rendered shared/_kitten_info.html.erb (0.1ms)
  Rendered kittens/index.html.erb within layouts/application (7.9ms)
Completed 200 OK in 24ms (Views: 22.6ms | ActiveRecord: 0.3ms)


Started GET "/" for 127.0.0.1 at 2018-02-19 11:15:32 -0300
Processing by KittensController#index as HTML
  Rendering kittens/index.html.erb within layouts/application
  [1m[36mKitten Load (0.6ms)[0m  [1m[34mSELECT "kittens".* FROM "kittens"[0m
  Rendered shared/_kitten_info.html.erb (1.0ms)
  Rendered shared/_kitten_info.html.erb (0.1ms)
  Rendered kittens/index.html.erb within layouts/application (6.1ms)
Completed 200 OK in 47ms (Views: 45.9ms | ActiveRecord: 0.6ms)


Started GET "/" for 127.0.0.1 at 2018-02-19 11:17:27 -0300
Processing by KittensController#index as HTML
  Rendering kittens/index.html.erb within layouts/application
  [1m[36mKitten Load (0.1ms)[0m  [1m[34mSELECT "kittens".* FROM "kittens"[0m
  Rendered shared/_kitten_info.html.erb (0.3ms)
  Rendered shared/_kitten_info.html.erb (0.0ms)
  Rendered kittens/index.html.erb within layouts/application (2.9ms)
Completed 200 OK in 33ms (Views: 31.8ms | ActiveRecord: 0.1ms)


Started GET "/" for 127.0.0.1 at 2018-02-19 11:17:36 -0300
Processing by KittensController#index as HTML
  Rendering kittens/index.html.erb within layouts/application
  [1m[36mKitten Load (0.2ms)[0m  [1m[34mSELECT "kittens".* FROM "kittens"[0m
  Rendered shared/_kitten_info.html.erb (0.4ms)
  Rendered shared/_kitten_info.html.erb (0.0ms)
  Rendered kittens/index.html.erb within layouts/application (2.2ms)
Completed 200 OK in 19ms (Views: 18.5ms | ActiveRecord: 0.2ms)


Started GET "/" for 127.0.0.1 at 2018-02-19 11:18:18 -0300
Processing by KittensController#index as HTML
  Rendering kittens/index.html.erb within layouts/application
  [1m[36mKitten Load (0.3ms)[0m  [1m[34mSELECT "kittens".* FROM "kittens"[0m
  Rendered shared/_kitten_info.html.erb (0.5ms)
  Rendered shared/_kitten_info.html.erb (0.1ms)
  Rendered kittens/index.html.erb within layouts/application (4.9ms)
Completed 200 OK in 27ms (Views: 24.7ms | ActiveRecord: 0.3ms)


Started GET "/kittens/new" for 127.0.0.1 at 2018-02-19 11:18:20 -0300
Processing by KittensController#new as HTML
  Rendering kittens/new.html.erb within layouts/application
  Rendered kittens/_form.html.erb (50.5ms)
  Rendered kittens/new.html.erb within layouts/application (76.5ms)
Completed 200 OK in 110ms (Views: 100.7ms | ActiveRecord: 0.0ms)


Started GET "/kittens/1" for 127.0.0.1 at 2018-02-19 11:20:08 -0300
Processing by KittensController#show as HTML
  Parameters: {"id"=>"1"}
  [1m[36mKitten Load (0.2ms)[0m  [1m[34mSELECT  "kittens".* FROM "kittens" WHERE "kittens"."id" = ? LIMIT ?[0m  [["id", 1], ["LIMIT", 1]]
  Rendering kittens/show.html.erb within layouts/application
  Rendered shared/_kitten_info.html.erb (0.3ms)
  Rendered kittens/show.html.erb within layouts/application (1.0ms)
Completed 200 OK in 33ms (Views: 13.5ms | ActiveRecord: 0.2ms)


Started GET "/kittens/2/edit" for 127.0.0.1 at 2018-02-19 11:20:29 -0300
Processing by KittensController#edit as HTML
  Parameters: {"id"=>"2"}
  [1m[36mKitten Load (0.1ms)[0m  [1m[34mSELECT  "kittens".* FROM "kittens" WHERE "kittens"."id" = ? LIMIT ?[0m  [["id", 2], ["LIMIT", 1]]
  Rendering kittens/edit.html.erb within layouts/application
  Rendered kittens/_form.html.erb (5.8ms)
  Rendered kittens/edit.html.erb within layouts/application (6.9ms)
Completed 200 OK in 32ms (Views: 30.7ms | ActiveRecord: 0.1ms)


Started GET "/kittens/2" for 127.0.0.1 at 2018-02-19 11:20:34 -0300
Processing by KittensController#show as HTML
  Parameters: {"id"=>"2"}
  [1m[36mKitten Load (0.1ms)[0m  [1m[34mSELECT  "kittens".* FROM "kittens" WHERE "kittens"."id" = ? LIMIT ?[0m  [["id", 2], ["LIMIT", 1]]
  Rendering kittens/show.html.erb within layouts/application
  Rendered kittens/show.html.erb within layouts/application (137.9ms)
Completed 500 Internal Server Error in 141ms (ActiveRecord: 0.1ms)


  
ActionView::Template::Error (undefined local variable or method `object' for #<#<Class:0x0000000423c018>:0x007fd5e8f8a488>
Did you mean?  object_id):
    1: <h1><%= @kitten.name.capitalize %> Page</h1>
    2: 
    3: <ul>
    4: 	<li>Name: <%= object.name %></li>
    5: 	<li>Age: <%= object.age %></li>
    6: 	<li>cuteness: <%= object.cuteness %></li>
    7: 	<li>Softness: <%= object.softness %></li>
  
app/views/kittens/show.html.erb:4:in `_app_views_kittens_show_html_erb__1067559759334791680_70278356686740'
Started GET "/kittens/2" for 127.0.0.1 at 2018-02-19 11:20:59 -0300
Processing by KittensController#show as HTML
  Parameters: {"id"=>"2"}
  [1m[36mKitten Load (0.1ms)[0m  [1m[34mSELECT  "kittens".* FROM "kittens" WHERE "kittens"."id" = ? LIMIT ?[0m  [["id", 2], ["LIMIT", 1]]
  Rendering kittens/show.html.erb within layouts/application
  Rendered kittens/show.html.erb within layouts/application (0.4ms)
Completed 200 OK in 20ms (Views: 18.1ms | ActiveRecord: 0.1ms)


Started GET "/" for 127.0.0.1 at 2018-02-19 11:23:07 -0300
Processing by KittensController#index as HTML
  Rendering kittens/index.html.erb within layouts/application
  [1m[36mKitten Load (0.2ms)[0m  [1m[34mSELECT "kittens".* FROM "kittens"[0m
  Rendered kittens/index.html.erb within layouts/application (1.4ms)
Completed 200 OK in 18ms (Views: 16.5ms | ActiveRecord: 0.2ms)


Started GET "/kittens.1" for 127.0.0.1 at 2018-02-19 11:23:10 -0300
Processing by KittensController#index as 
  Rendering kittens/index.html.erb within layouts/application
  [1m[36mKitten Load (0.2ms)[0m  [1m[34mSELECT "kittens".* FROM "kittens"[0m
  Rendered kittens/index.html.erb within layouts/application (6.6ms)
Completed 200 OK in 37ms (Views: 34.1ms | ActiveRecord: 0.2ms)


Started GET "/kittens.1" for 127.0.0.1 at 2018-02-19 11:23:14 -0300
Processing by KittensController#index as 
  Rendering kittens/index.html.erb within layouts/application
  [1m[36mKitten Load (0.3ms)[0m  [1m[34mSELECT "kittens".* FROM "kittens"[0m
  Rendered kittens/index.html.erb within layouts/application (3.6ms)
Completed 200 OK in 36ms (Views: 30.5ms | ActiveRecord: 0.3ms)


Started GET "/kittens.1" for 127.0.0.1 at 2018-02-19 11:23:31 -0300
Processing by KittensController#index as 
  Rendering kittens/index.html.erb within layouts/application
  [1m[36mKitten Load (0.2ms)[0m  [1m[34mSELECT "kittens".* FROM "kittens"[0m
  Rendered kittens/index.html.erb within layouts/application (1.4ms)
Completed 200 OK in 17ms (Views: 14.3ms | ActiveRecord: 0.2ms)


Started GET "/kittens.1" for 127.0.0.1 at 2018-02-19 11:23:51 -0300
Processing by KittensController#index as 
  Rendering kittens/index.html.erb within layouts/application
  [1m[36mKitten Load (0.1ms)[0m  [1m[34mSELECT "kittens".* FROM "kittens"[0m
  Rendered kittens/index.html.erb within layouts/application (4.8ms)
Completed 200 OK in 27ms (Views: 24.6ms | ActiveRecord: 0.1ms)


Started GET "/kittens.1" for 127.0.0.1 at 2018-02-19 11:24:03 -0300
Processing by KittensController#index as 
  Rendering kittens/index.html.erb within layouts/application
  [1m[36mKitten Load (0.2ms)[0m  [1m[34mSELECT "kittens".* FROM "kittens"[0m
  Rendered kittens/index.html.erb within layouts/application (1.6ms)
Completed 200 OK in 39ms (Views: 32.1ms | ActiveRecord: 0.2ms)


Started GET "/kittens.1" for 127.0.0.1 at 2018-02-19 11:24:11 -0300
Processing by KittensController#index as 
  Rendering kittens/index.html.erb within layouts/application
  [1m[36mKitten Load (0.2ms)[0m  [1m[34mSELECT "kittens".* FROM "kittens"[0m
  Rendered kittens/index.html.erb within layouts/application (1.6ms)
Completed 200 OK in 17ms (Views: 14.4ms | ActiveRecord: 0.2ms)


Started GET "/kittens.1" for 127.0.0.1 at 2018-02-19 11:24:19 -0300
Processing by KittensController#index as 
  Rendering kittens/index.html.erb within layouts/application
  [1m[36mKitten Load (0.3ms)[0m  [1m[34mSELECT "kittens".* FROM "kittens"[0m
  Rendered kittens/index.html.erb within layouts/application (2.0ms)
Completed 200 OK in 35ms (Views: 30.4ms | ActiveRecord: 0.3ms)


Started GET "/kittens/1" for 127.0.0.1 at 2018-02-19 11:24:20 -0300
Processing by KittensController#show as HTML
  Parameters: {"id"=>"1"}
  [1m[36mKitten Load (0.1ms)[0m  [1m[34mSELECT  "kittens".* FROM "kittens" WHERE "kittens"."id" = ? LIMIT ?[0m  [["id", 1], ["LIMIT", 1]]
  Rendering kittens/show.html.erb within layouts/application
  Rendered kittens/show.html.erb within layouts/application (0.3ms)
Completed 200 OK in 15ms (Views: 13.4ms | ActiveRecord: 0.1ms)


Started GET "/kittens.1" for 127.0.0.1 at 2018-02-19 11:27:51 -0300
Processing by KittensController#index as 
  Rendering kittens/index.html.erb within layouts/application
  [1m[36mKitten Load (0.3ms)[0m  [1m[34mSELECT "kittens".* FROM "kittens"[0m
  Rendered kittens/index.html.erb within layouts/application (3.8ms)
Completed 200 OK in 29ms (Views: 24.4ms | ActiveRecord: 0.3ms)


Started DELETE "/kittens/2" for 127.0.0.1 at 2018-02-19 11:27:53 -0300
Processing by KittensController#destroy as HTML
  Parameters: {"authenticity_token"=>"jvUSljvisjZwFWvrluhDQYC904LaKmFmkKbClfiSHljvsXvLdabB2yNzGvGH6y9/E8wTELGSQTgw4wTwxY1aBA==", "id"=>"2"}
  [1m[36mKitten Load (0.1ms)[0m  [1m[34mSELECT  "kittens".* FROM "kittens" WHERE "kittens"."id" = ? LIMIT ?[0m  [["id", 2], ["LIMIT", 1]]
  [1m[35m (0.0ms)[0m  [1m[36mbegin transaction[0m
  [1m[35mSQL (11.8ms)[0m  [1m[31mDELETE FROM "kittens" WHERE "kittens"."id" = ?[0m  [["id", 2]]
  [1m[35m (21.1ms)[0m  [1m[36mcommit transaction[0m
Redirected to http://localhost:3000/kittens
Completed 302 Found in 36ms (ActiveRecord: 33.1ms)


Started GET "/kittens" for 127.0.0.1 at 2018-02-19 11:27:53 -0300
Processing by KittensController#index as HTML
  Rendering kittens/index.html.erb within layouts/application
  [1m[36mKitten Load (0.1ms)[0m  [1m[34mSELECT "kittens".* FROM "kittens"[0m
  Rendered kittens/index.html.erb within layouts/application (1.2ms)
Completed 200 OK in 11ms (Views: 9.8ms | ActiveRecord: 0.1ms)


Started GET "/kittens/new" for 127.0.0.1 at 2018-02-19 11:27:59 -0300
Processing by KittensController#new as HTML
  Rendering kittens/new.html.erb within layouts/application
  Rendered kittens/_form.html.erb (1.5ms)
  Rendered kittens/new.html.erb within layouts/application (2.3ms)
Completed 200 OK in 13ms (Views: 11.9ms | ActiveRecord: 0.0ms)


Started POST "/kittens/new" for 127.0.0.1 at 2018-02-19 11:28:14 -0300
  
ActionController::RoutingError (No route matches [POST] "/kittens/new"):
  
actionpack (5.1.4) lib/action_dispatch/middleware/debug_exceptions.rb:63:in `call'
web-console (3.5.1) lib/web_console/middleware.rb:135:in `call_app'
web-console (3.5.1) lib/web_console/middleware.rb:28:in `block in call'
web-console (3.5.1) lib/web_console/middleware.rb:18:in `catch'
web-console (3.5.1) lib/web_console/middleware.rb:18:in `call'
actionpack (5.1.4) lib/action_dispatch/middleware/show_exceptions.rb:31:in `call'
railties (5.1.4) lib/rails/rack/logger.rb:36:in `call_app'
railties (5.1.4) lib/rails/rack/logger.rb:24:in `block in call'
activesupport (5.1.4) lib/active_support/tagged_logging.rb:69:in `block in tagged'
activesupport (5.1.4) lib/active_support/tagged_logging.rb:26:in `tagged'
activesupport (5.1.4) lib/active_support/tagged_logging.rb:69:in `tagged'
railties (5.1.4) lib/rails/rack/logger.rb:24:in `call'
sprockets-rails (3.2.1) lib/sprockets/rails/quiet_assets.rb:13:in `call'
actionpack (5.1.4) lib/action_dispatch/middleware/remote_ip.rb:79:in `call'
actionpack (5.1.4) lib/action_dispatch/middleware/request_id.rb:25:in `call'
rack (2.0.4) lib/rack/method_override.rb:22:in `call'
rack (2.0.4) lib/rack/runtime.rb:22:in `call'
activesupport (5.1.4) lib/active_support/cache/strategy/local_cache_middleware.rb:27:in `call'
actionpack (5.1.4) lib/action_dispatch/middleware/executor.rb:12:in `call'
actionpack (5.1.4) lib/action_dispatch/middleware/static.rb:125:in `call'
rack (2.0.4) lib/rack/sendfile.rb:111:in `call'
railties (5.1.4) lib/rails/engine.rb:522:in `call'
puma (3.11.2) lib/puma/configuration.rb:225:in `call'
puma (3.11.2) lib/puma/server.rb:624:in `handle_request'
puma (3.11.2) lib/puma/server.rb:438:in `process_client'
puma (3.11.2) lib/puma/server.rb:302:in `block in run'
puma (3.11.2) lib/puma/thread_pool.rb:120:in `block in spawn_thread'
Started POST "/kittens/new" for 127.0.0.1 at 2018-02-19 11:29:36 -0300
  
ActionController::RoutingError (No route matches [POST] "/kittens/new"):
  
actionpack (5.1.4) lib/action_dispatch/middleware/debug_exceptions.rb:63:in `call'
web-console (3.5.1) lib/web_console/middleware.rb:135:in `call_app'
web-console (3.5.1) lib/web_console/middleware.rb:28:in `block in call'
web-console (3.5.1) lib/web_console/middleware.rb:18:in `catch'
web-console (3.5.1) lib/web_console/middleware.rb:18:in `call'
actionpack (5.1.4) lib/action_dispatch/middleware/show_exceptions.rb:31:in `call'
railties (5.1.4) lib/rails/rack/logger.rb:36:in `call_app'
railties (5.1.4) lib/rails/rack/logger.rb:24:in `block in call'
activesupport (5.1.4) lib/active_support/tagged_logging.rb:69:in `block in tagged'
activesupport (5.1.4) lib/active_support/tagged_logging.rb:26:in `tagged'
activesupport (5.1.4) lib/active_support/tagged_logging.rb:69:in `tagged'
railties (5.1.4) lib/rails/rack/logger.rb:24:in `call'
sprockets-rails (3.2.1) lib/sprockets/rails/quiet_assets.rb:13:in `call'
actionpack (5.1.4) lib/action_dispatch/middleware/remote_ip.rb:79:in `call'
actionpack (5.1.4) lib/action_dispatch/middleware/request_id.rb:25:in `call'
rack (2.0.4) lib/rack/method_override.rb:22:in `call'
rack (2.0.4) lib/rack/runtime.rb:22:in `call'
activesupport (5.1.4) lib/active_support/cache/strategy/local_cache_middleware.rb:27:in `call'
actionpack (5.1.4) lib/action_dispatch/middleware/executor.rb:12:in `call'
actionpack (5.1.4) lib/action_dispatch/middleware/static.rb:125:in `call'
rack (2.0.4) lib/rack/sendfile.rb:111:in `call'
railties (5.1.4) lib/rails/engine.rb:522:in `call'
puma (3.11.2) lib/puma/configuration.rb:225:in `call'
puma (3.11.2) lib/puma/server.rb:624:in `handle_request'
puma (3.11.2) lib/puma/server.rb:438:in `process_client'
puma (3.11.2) lib/puma/server.rb:302:in `block in run'
puma (3.11.2) lib/puma/thread_pool.rb:120:in `block in spawn_thread'
Started GET "/" for 127.0.0.1 at 2018-02-19 11:30:49 -0300
Processing by KittensController#index as HTML
  Rendering kittens/index.html.erb within layouts/application
  [1m[36mKitten Load (0.1ms)[0m  [1m[34mSELECT "kittens".* FROM "kittens"[0m
  Rendered kittens/index.html.erb within layouts/application (1.4ms)
Completed 200 OK in 15ms (Views: 13.9ms | ActiveRecord: 0.1ms)


Started GET "/" for 127.0.0.1 at 2018-02-19 11:30:50 -0300
Processing by KittensController#index as HTML
  Rendering kittens/index.html.erb within layouts/application
  [1m[36mKitten Load (0.1ms)[0m  [1m[34mSELECT "kittens".* FROM "kittens"[0m
  Rendered kittens/index.html.erb within layouts/application (1.0ms)
Completed 200 OK in 12ms (Views: 11.2ms | ActiveRecord: 0.1ms)


Started GET "/kittens/new" for 127.0.0.1 at 2018-02-19 11:30:51 -0300
Processing by KittensController#new as HTML
  Rendering kittens/new.html.erb within layouts/application
  Rendered kittens/_form.html.erb (2.8ms)
  Rendered kittens/new.html.erb within layouts/application (4.3ms)
Completed 200 OK in 24ms (Views: 22.5ms | ActiveRecord: 0.0ms)


Started POST "/kittens/new" for 127.0.0.1 at 2018-02-19 11:31:01 -0300
  
ActionController::RoutingError (No route matches [POST] "/kittens/new"):
  
actionpack (5.1.4) lib/action_dispatch/middleware/debug_exceptions.rb:63:in `call'
web-console (3.5.1) lib/web_console/middleware.rb:135:in `call_app'
web-console (3.5.1) lib/web_console/middleware.rb:28:in `block in call'
web-console (3.5.1) lib/web_console/middleware.rb:18:in `catch'
web-console (3.5.1) lib/web_console/middleware.rb:18:in `call'
actionpack (5.1.4) lib/action_dispatch/middleware/show_exceptions.rb:31:in `call'
railties (5.1.4) lib/rails/rack/logger.rb:36:in `call_app'
railties (5.1.4) lib/rails/rack/logger.rb:24:in `block in call'
activesupport (5.1.4) lib/active_support/tagged_logging.rb:69:in `block in tagged'
activesupport (5.1.4) lib/active_support/tagged_logging.rb:26:in `tagged'
activesupport (5.1.4) lib/active_support/tagged_logging.rb:69:in `tagged'
railties (5.1.4) lib/rails/rack/logger.rb:24:in `call'
sprockets-rails (3.2.1) lib/sprockets/rails/quiet_assets.rb:13:in `call'
actionpack (5.1.4) lib/action_dispatch/middleware/remote_ip.rb:79:in `call'
actionpack (5.1.4) lib/action_dispatch/middleware/request_id.rb:25:in `call'
rack (2.0.4) lib/rack/method_override.rb:22:in `call'
rack (2.0.4) lib/rack/runtime.rb:22:in `call'
activesupport (5.1.4) lib/active_support/cache/strategy/local_cache_middleware.rb:27:in `call'
actionpack (5.1.4) lib/action_dispatch/middleware/executor.rb:12:in `call'
actionpack (5.1.4) lib/action_dispatch/middleware/static.rb:125:in `call'
rack (2.0.4) lib/rack/sendfile.rb:111:in `call'
railties (5.1.4) lib/rails/engine.rb:522:in `call'
puma (3.11.2) lib/puma/configuration.rb:225:in `call'
puma (3.11.2) lib/puma/server.rb:624:in `handle_request'
puma (3.11.2) lib/puma/server.rb:438:in `process_client'
puma (3.11.2) lib/puma/server.rb:302:in `block in run'
puma (3.11.2) lib/puma/thread_pool.rb:120:in `block in spawn_thread'
Started POST "/kittens/new" for 127.0.0.1 at 2018-02-19 11:32:28 -0300
  
ActionController::RoutingError (No route matches [POST] "/kittens/new"):
  
actionpack (5.1.4) lib/action_dispatch/middleware/debug_exceptions.rb:63:in `call'
web-console (3.5.1) lib/web_console/middleware.rb:135:in `call_app'
web-console (3.5.1) lib/web_console/middleware.rb:28:in `block in call'
web-console (3.5.1) lib/web_console/middleware.rb:18:in `catch'
web-console (3.5.1) lib/web_console/middleware.rb:18:in `call'
actionpack (5.1.4) lib/action_dispatch/middleware/show_exceptions.rb:31:in `call'
railties (5.1.4) lib/rails/rack/logger.rb:36:in `call_app'
railties (5.1.4) lib/rails/rack/logger.rb:24:in `block in call'
activesupport (5.1.4) lib/active_support/tagged_logging.rb:69:in `block in tagged'
activesupport (5.1.4) lib/active_support/tagged_logging.rb:26:in `tagged'
activesupport (5.1.4) lib/active_support/tagged_logging.rb:69:in `tagged'
railties (5.1.4) lib/rails/rack/logger.rb:24:in `call'
sprockets-rails (3.2.1) lib/sprockets/rails/quiet_assets.rb:13:in `call'
actionpack (5.1.4) lib/action_dispatch/middleware/remote_ip.rb:79:in `call'
actionpack (5.1.4) lib/action_dispatch/middleware/request_id.rb:25:in `call'
rack (2.0.4) lib/rack/method_override.rb:22:in `call'
rack (2.0.4) lib/rack/runtime.rb:22:in `call'
activesupport (5.1.4) lib/active_support/cache/strategy/local_cache_middleware.rb:27:in `call'
actionpack (5.1.4) lib/action_dispatch/middleware/executor.rb:12:in `call'
actionpack (5.1.4) lib/action_dispatch/middleware/static.rb:125:in `call'
rack (2.0.4) lib/rack/sendfile.rb:111:in `call'
railties (5.1.4) lib/rails/engine.rb:522:in `call'
puma (3.11.2) lib/puma/configuration.rb:225:in `call'
puma (3.11.2) lib/puma/server.rb:624:in `handle_request'
puma (3.11.2) lib/puma/server.rb:438:in `process_client'
puma (3.11.2) lib/puma/server.rb:302:in `block in run'
puma (3.11.2) lib/puma/thread_pool.rb:120:in `block in spawn_thread'
Started GET "/kittens/new" for 127.0.0.1 at 2018-02-19 11:32:49 -0300
Processing by KittensController#new as HTML
  Rendering kittens/new.html.erb within layouts/application
  Rendered kittens/_form.html.erb (1.4ms)
  Rendered kittens/new.html.erb within layouts/application (2.1ms)
Completed 200 OK in 12ms (Views: 10.8ms | ActiveRecord: 0.0ms)


Started POST "/kittens" for 127.0.0.1 at 2018-02-19 11:32:58 -0300
Processing by KittensController#create as HTML
  Parameters: {"utf8"=>"✓", "authenticity_token"=>"GTeqru6BzD8qSXNpyJ1GpyYJYrELuUTWzgRquw2AmCd4c8PzoMW/0nkvAnPZniqZtXiiI2ABZIhuQazeMJ/cew==", "kitten"=>{"name"=>"Nani", "age"=>"5", "cuteness"=>"high", "softness"=>"low"}, "commit"=>"Create"}
  [1m[35m (0.1ms)[0m  [1m[36mbegin transaction[0m
  [1m[35mSQL (0.5ms)[0m  [1m[32mINSERT INTO "kittens" ("name", "age", "cuteness", "softness", "created_at", "updated_at") VALUES (?, ?, ?, ?, ?, ?)[0m  [["name", "Nani"], ["age", 5], ["cuteness", "high"], ["softness", "low"], ["created_at", "2018-02-19 14:32:58.809706"], ["updated_at", "2018-02-19 14:32:58.809706"]]
  [1m[35m (26.8ms)[0m  [1m[36mcommit transaction[0m
Redirected to http://localhost:3000/kittens/3
Completed 302 Found in 30ms (ActiveRecord: 27.4ms)


Started GET "/kittens/3" for 127.0.0.1 at 2018-02-19 11:32:58 -0300
Processing by KittensController#show as HTML
  Parameters: {"id"=>"3"}
  [1m[36mKitten Load (0.1ms)[0m  [1m[34mSELECT  "kittens".* FROM "kittens" WHERE "kittens"."id" = ? LIMIT ?[0m  [["id", 3], ["LIMIT", 1]]
  Rendering kittens/show.html.erb within layouts/application
  Rendered kittens/show.html.erb within layouts/application (0.3ms)
Completed 200 OK in 11ms (Views: 10.3ms | ActiveRecord: 0.1ms)


Started GET "/kittens/3" for 127.0.0.1 at 2018-02-19 11:34:18 -0300
Processing by KittensController#show as HTML
  Parameters: {"id"=>"3"}
  [1m[36mKitten Load (0.2ms)[0m  [1m[34mSELECT  "kittens".* FROM "kittens" WHERE "kittens"."id" = ? LIMIT ?[0m  [["id", 3], ["LIMIT", 1]]
  Rendering kittens/show.html.erb within layouts/application
  Rendered kittens/show.html.erb within layouts/application (0.8ms)
Completed 200 OK in 28ms (Views: 25.6ms | ActiveRecord: 0.2ms)


Started GET "/" for 127.0.0.1 at 2018-02-19 11:34:26 -0300
Processing by KittensController#index as HTML
  Rendering kittens/index.html.erb within layouts/application
  [1m[36mKitten Load (0.2ms)[0m  [1m[34mSELECT "kittens".* FROM "kittens"[0m
  Rendered kittens/index.html.erb within layouts/application (1.4ms)
Completed 200 OK in 15ms (Views: 14.0ms | ActiveRecord: 0.2ms)


Started GET "/kittens/1" for 127.0.0.1 at 2018-02-19 11:34:28 -0300
Processing by KittensController#show as HTML
  Parameters: {"id"=>"1"}
  [1m[36mKitten Load (0.1ms)[0m  [1m[34mSELECT  "kittens".* FROM "kittens" WHERE "kittens"."id" = ? LIMIT ?[0m  [["id", 1], ["LIMIT", 1]]
  Rendering kittens/show.html.erb within layouts/application
  Rendered kittens/show.html.erb within layouts/application (0.3ms)
Completed 200 OK in 13ms (Views: 12.0ms | ActiveRecord: 0.1ms)


Started GET "/" for 127.0.0.1 at 2018-02-19 11:34:31 -0300
Processing by KittensController#index as HTML
  Rendering kittens/index.html.erb within layouts/application
  [1m[36mKitten Load (0.1ms)[0m  [1m[34mSELECT "kittens".* FROM "kittens"[0m
  Rendered kittens/index.html.erb within layouts/application (1.1ms)
Completed 200 OK in 11ms (Views: 10.5ms | ActiveRecord: 0.1ms)


Started GET "/kittens/new" for 127.0.0.1 at 2018-02-19 11:34:41 -0300
Processing by KittensController#new as HTML
  Rendering kittens/new.html.erb within layouts/application
  Rendered kittens/_form.html.erb (1.3ms)
  Rendered kittens/new.html.erb within layouts/application (2.1ms)
Completed 200 OK in 12ms (Views: 10.9ms | ActiveRecord: 0.0ms)


Started POST "/kittens" for 127.0.0.1 at 2018-02-19 11:34:52 -0300
Processing by KittensController#create as HTML
  Parameters: {"utf8"=>"✓", "authenticity_token"=>"UnYyyJed18INJr2t93UpzB+jaCNhMK2GRIBzPzQ2LPmiRujl8DhZNSzoRcTGdwTTVwH64vblLMEXoRtrgqP75g==", "kitten"=>{"name"=>"Sophie", "age"=>"1", "cuteness"=>"High", "softness"=>"High"}, "commit"=>"Create"}
  [1m[35m (0.0ms)[0m  [1m[36mbegin transaction[0m
  [1m[35mSQL (0.7ms)[0m  [1m[32mINSERT INTO "kittens" ("name", "age", "cuteness", "softness", "created_at", "updated_at") VALUES (?, ?, ?, ?, ?, ?)[0m  [["name", "Sophie"], ["age", 1], ["cuteness", "High"], ["softness", "High"], ["created_at", "2018-02-19 14:34:52.806448"], ["updated_at", "2018-02-19 14:34:52.806448"]]
  [1m[35m (96.6ms)[0m  [1m[36mcommit transaction[0m
Redirected to http://localhost:3000/kittens/4
Completed 302 Found in 100ms (ActiveRecord: 97.3ms)


Started GET "/kittens/4" for 127.0.0.1 at 2018-02-19 11:34:52 -0300
Processing by KittensController#show as HTML
  Parameters: {"id"=>"4"}
  [1m[36mKitten Load (0.1ms)[0m  [1m[34mSELECT  "kittens".* FROM "kittens" WHERE "kittens"."id" = ? LIMIT ?[0m  [["id", 4], ["LIMIT", 1]]
  Rendering kittens/show.html.erb within layouts/application
  Rendered kittens/show.html.erb within layouts/application (0.4ms)
Completed 200 OK in 12ms (Views: 11.0ms | ActiveRecord: 0.1ms)


Started GET "/" for 127.0.0.1 at 2018-02-19 11:34:58 -0300
Processing by KittensController#index as HTML
  Rendering kittens/index.html.erb within layouts/application
  [1m[36mKitten Load (0.4ms)[0m  [1m[34mSELECT "kittens".* FROM "kittens"[0m
  Rendered kittens/index.html.erb within layouts/application (3.9ms)
Completed 200 OK in 36ms (Views: 33.1ms | ActiveRecord: 0.4ms)


Started GET "/kittens/1" for 127.0.0.1 at 2018-02-19 11:40:20 -0300
Processing by KittensController#show as HTML
  Parameters: {"id"=>"1"}
  [1m[36mKitten Load (0.1ms)[0m  [1m[34mSELECT  "kittens".* FROM "kittens" WHERE "kittens"."id" = ? LIMIT ?[0m  [["id", 1], ["LIMIT", 1]]
  Rendering kittens/show.html.erb within layouts/application
  Rendered kittens/show.html.erb within layouts/application (0.3ms)
Completed 200 OK in 11ms (Views: 10.2ms | ActiveRecord: 0.1ms)


Started GET "/kittens/1" for 127.0.0.1 at 2018-02-19 11:40:48 -0300
Processing by KittensController#show as HTML
  Parameters: {"id"=>"1"}
  [1m[36mKitten Load (0.1ms)[0m  [1m[34mSELECT  "kittens".* FROM "kittens" WHERE "kittens"."id" = ? LIMIT ?[0m  [["id", 1], ["LIMIT", 1]]
  Rendering kittens/show.html.erb within layouts/application
  Rendered kittens/show.html.erb within layouts/application (187.8ms)
Completed 500 Internal Server Error in 190ms (ActiveRecord: 0.1ms)


  
ActionView::Template::Error (undefined local variable or method `kitten' for #<#<Class:0x0000000423c018>:0x007fd5ea2289c8>
Did you mean?  @kitten):
     7: 	<li>Softness: <%= @kitten.softness %></li>
     8: 	<br>
     9: </ul>
    10: <%= link_to "Delete", kitten_path(kitten), method: :delete %>
  
app/views/kittens/show.html.erb:10:in `_app_views_kittens_show_html_erb__1067559759334791680_70278366448180'
Started GET "/kittens/1" for 127.0.0.1 at 2018-02-19 11:40:59 -0300
Processing by KittensController#show as HTML
  Parameters: {"id"=>"1"}
  [1m[36mKitten Load (0.1ms)[0m  [1m[34mSELECT  "kittens".* FROM "kittens" WHERE "kittens"."id" = ? LIMIT ?[0m  [["id", 1], ["LIMIT", 1]]
  Rendering kittens/show.html.erb within layouts/application
  Rendered kittens/show.html.erb within layouts/application (0.6ms)
Completed 200 OK in 14ms (Views: 13.2ms | ActiveRecord: 0.1ms)


Started GET "/kittens/1" for 127.0.0.1 at 2018-02-19 11:41:22 -0300
Processing by KittensController#show as HTML
  Parameters: {"id"=>"1"}
  [1m[36mKitten Load (0.1ms)[0m  [1m[34mSELECT  "kittens".* FROM "kittens" WHERE "kittens"."id" = ? LIMIT ?[0m  [["id", 1], ["LIMIT", 1]]
  Rendering kittens/show.html.erb within layouts/application
  Rendered kittens/show.html.erb within layouts/application (0.6ms)
Completed 200 OK in 18ms (Views: 16.9ms | ActiveRecord: 0.1ms)


Started GET "/" for 127.0.0.1 at 2018-02-19 11:41:35 -0300
Processing by KittensController#index as HTML
  Rendering kittens/index.html.erb within layouts/application
  [1m[36mKitten Load (0.1ms)[0m  [1m[34mSELECT "kittens".* FROM "kittens"[0m
  Rendered kittens/index.html.erb within layouts/application (1.4ms)
Completed 200 OK in 22ms (Views: 21.1ms | ActiveRecord: 0.1ms)


Started GET "/kittens/1" for 127.0.0.1 at 2018-02-19 11:41:56 -0300
Processing by KittensController#show as HTML
  Parameters: {"id"=>"1"}
  [1m[36mKitten Load (0.1ms)[0m  [1m[34mSELECT  "kittens".* FROM "kittens" WHERE "kittens"."id" = ? LIMIT ?[0m  [["id", 1], ["LIMIT", 1]]
  Rendering kittens/show.html.erb within layouts/application
  Rendered kittens/show.html.erb within layouts/application (1.0ms)
Completed 200 OK in 39ms (Views: 37.4ms | ActiveRecord: 0.1ms)


Started GET "/kittens/1" for 127.0.0.1 at 2018-02-19 11:42:09 -0300
Processing by KittensController#show as HTML
  Parameters: {"id"=>"1"}
  [1m[36mKitten Load (0.1ms)[0m  [1m[34mSELECT  "kittens".* FROM "kittens" WHERE "kittens"."id" = ? LIMIT ?[0m  [["id", 1], ["LIMIT", 1]]
  Rendering kittens/show.html.erb within layouts/application
  Rendered kittens/show.html.erb within layouts/application (0.4ms)
Completed 200 OK in 11ms (Views: 9.8ms | ActiveRecord: 0.1ms)


Started GET "/" for 127.0.0.1 at 2018-02-19 11:42:15 -0300
Processing by KittensController#index as HTML
  Rendering kittens/index.html.erb within layouts/application
  [1m[36mKitten Load (0.4ms)[0m  [1m[34mSELECT "kittens".* FROM "kittens"[0m
  Rendered kittens/index.html.erb within layouts/application (1.7ms)
Completed 200 OK in 15ms (Views: 13.7ms | ActiveRecord: 0.4ms)


Started GET "/kittens" for 127.0.0.1 at 2018-02-19 11:45:41 -0300
Processing by KittensController#index as */*
  Rendering kittens/index.html.erb within layouts/application
  [1m[36mKitten Load (0.2ms)[0m  [1m[34mSELECT "kittens".* FROM "kittens"[0m
  Rendered kittens/index.html.erb within layouts/application (1.7ms)
Completed 200 OK in 22ms (Views: 18.1ms | ActiveRecord: 0.2ms)


Started GET "/kittens" for 127.0.0.1 at 2018-02-19 11:47:41 -0300
Processing by KittensController#index as JSON
Completed 406 Not Acceptable in 36ms (ActiveRecord: 0.0ms)


  
ActionController::UnknownFormat (KittensController#index is missing a template for this request format and variant.

request.formats: ["application/json"]
request.variant: []):
  
actionpack (5.1.4) lib/action_controller/metal/implicit_render.rb:40:in `default_render'
actionpack (5.1.4) lib/action_controller/metal/basic_implicit_render.rb:4:in `block in send_action'
actionpack (5.1.4) lib/action_controller/metal/basic_implicit_render.rb:4:in `tap'
actionpack (5.1.4) lib/action_controller/metal/basic_implicit_render.rb:4:in `send_action'
actionpack (5.1.4) lib/abstract_controller/base.rb:186:in `process_action'
actionpack (5.1.4) lib/action_controller/metal/rendering.rb:30:in `process_action'
actionpack (5.1.4) lib/abstract_controller/callbacks.rb:20:in `block in process_action'
activesupport (5.1.4) lib/active_support/callbacks.rb:131:in `run_callbacks'
actionpack (5.1.4) lib/abstract_controller/callbacks.rb:19:in `process_action'
actionpack (5.1.4) lib/action_controller/metal/rescue.rb:20:in `process_action'
actionpack (5.1.4) lib/action_controller/metal/instrumentation.rb:32:in `block in process_action'
activesupport (5.1.4) lib/active_support/notifications.rb:166:in `block in instrument'
activesupport (5.1.4) lib/active_support/notifications/instrumenter.rb:21:in `instrument'
activesupport (5.1.4) lib/active_support/notifications.rb:166:in `instrument'
actionpack (5.1.4) lib/action_controller/metal/instrumentation.rb:30:in `process_action'
actionpack (5.1.4) lib/action_controller/metal/params_wrapper.rb:252:in `process_action'
activerecord (5.1.4) lib/active_record/railties/controller_runtime.rb:22:in `process_action'
actionpack (5.1.4) lib/abstract_controller/base.rb:124:in `process'
actionview (5.1.4) lib/action_view/rendering.rb:30:in `process'
actionpack (5.1.4) lib/action_controller/metal.rb:189:in `dispatch'
actionpack (5.1.4) lib/action_controller/metal.rb:253:in `dispatch'
actionpack (5.1.4) lib/action_dispatch/routing/route_set.rb:49:in `dispatch'
actionpack (5.1.4) lib/action_dispatch/routing/route_set.rb:31:in `serve'
actionpack (5.1.4) lib/action_dispatch/journey/router.rb:50:in `block in serve'
actionpack (5.1.4) lib/action_dispatch/journey/router.rb:33:in `each'
actionpack (5.1.4) lib/action_dispatch/journey/router.rb:33:in `serve'
actionpack (5.1.4) lib/action_dispatch/routing/route_set.rb:834:in `call'
rack (2.0.4) lib/rack/etag.rb:25:in `call'
rack (2.0.4) lib/rack/conditional_get.rb:25:in `call'
rack (2.0.4) lib/rack/head.rb:12:in `call'
rack (2.0.4) lib/rack/session/abstract/id.rb:232:in `context'
rack (2.0.4) lib/rack/session/abstract/id.rb:226:in `call'
actionpack (5.1.4) lib/action_dispatch/middleware/cookies.rb:613:in `call'
activerecord (5.1.4) lib/active_record/migration.rb:556:in `call'
actionpack (5.1.4) lib/action_dispatch/middleware/callbacks.rb:26:in `block in call'
activesupport (5.1.4) lib/active_support/callbacks.rb:97:in `run_callbacks'
actionpack (5.1.4) lib/action_dispatch/middleware/callbacks.rb:24:in `call'
actionpack (5.1.4) lib/action_dispatch/middleware/executor.rb:12:in `call'
actionpack (5.1.4) lib/action_dispatch/middleware/debug_exceptions.rb:59:in `call'
web-console (3.5.1) lib/web_console/middleware.rb:135:in `call_app'
web-console (3.5.1) lib/web_console/middleware.rb:28:in `block in call'
web-console (3.5.1) lib/web_console/middleware.rb:18:in `catch'
web-console (3.5.1) lib/web_console/middleware.rb:18:in `call'
actionpack (5.1.4) lib/action_dispatch/middleware/show_exceptions.rb:31:in `call'
railties (5.1.4) lib/rails/rack/logger.rb:36:in `call_app'
railties (5.1.4) lib/rails/rack/logger.rb:24:in `block in call'
activesupport (5.1.4) lib/active_support/tagged_logging.rb:69:in `block in tagged'
activesupport (5.1.4) lib/active_support/tagged_logging.rb:26:in `tagged'
activesupport (5.1.4) lib/active_support/tagged_logging.rb:69:in `tagged'
railties (5.1.4) lib/rails/rack/logger.rb:24:in `call'
sprockets-rails (3.2.1) lib/sprockets/rails/quiet_assets.rb:13:in `call'
actionpack (5.1.4) lib/action_dispatch/middleware/remote_ip.rb:79:in `call'
actionpack (5.1.4) lib/action_dispatch/middleware/request_id.rb:25:in `call'
rack (2.0.4) lib/rack/method_override.rb:22:in `call'
rack (2.0.4) lib/rack/runtime.rb:22:in `call'
activesupport (5.1.4) lib/active_support/cache/strategy/local_cache_middleware.rb:27:in `call'
actionpack (5.1.4) lib/action_dispatch/middleware/executor.rb:12:in `call'
actionpack (5.1.4) lib/action_dispatch/middleware/static.rb:125:in `call'
rack (2.0.4) lib/rack/sendfile.rb:111:in `call'
railties (5.1.4) lib/rails/engine.rb:522:in `call'
puma (3.11.2) lib/puma/configuration.rb:225:in `call'
puma (3.11.2) lib/puma/server.rb:624:in `handle_request'
puma (3.11.2) lib/puma/server.rb:438:in `process_client'
puma (3.11.2) lib/puma/server.rb:302:in `block in run'
puma (3.11.2) lib/puma/thread_pool.rb:120:in `block in spawn_thread'
Started GET "/kittens" for 127.0.0.1 at 2018-02-19 11:52:04 -0300
  
SyntaxError (/home/unfairness/workspace/odin-kittens/app/controllers/kittens_controller.rb:57: syntax error, unexpected end-of-input, expecting keyword_end):
  
app/controllers/kittens_controller.rb:57: syntax error, unexpected end-of-input, expecting keyword_end
Started GET "/kittens" for 127.0.0.1 at 2018-02-19 11:52:20 -0300
  
SyntaxError (/home/unfairness/workspace/odin-kittens/app/controllers/kittens_controller.rb:57: syntax error, unexpected end-of-input, expecting keyword_end):
  
app/controllers/kittens_controller.rb:57: syntax error, unexpected end-of-input, expecting keyword_end
Started GET "/kittens" for 127.0.0.1 at 2018-02-19 11:52:36 -0300
Processing by KittensController#index as JSON
  [1m[36mKitten Load (0.2ms)[0m  [1m[34mSELECT "kittens".* FROM "kittens"[0m
Completed 200 OK in 12ms (Views: 9.6ms | ActiveRecord: 1.2ms)


Started GET "/kittens/1" for 127.0.0.1 at 2018-02-19 12:01:14 -0300
Processing by KittensController#show as HTML
  Parameters: {"id"=>"1"}
  [1m[36mKitten Load (0.1ms)[0m  [1m[34mSELECT  "kittens".* FROM "kittens" WHERE "kittens"."id" = ? LIMIT ?[0m  [["id", 1], ["LIMIT", 1]]
Completed 406 Not Acceptable in 12ms (ActiveRecord: 0.7ms)


  
ActionController::UnknownFormat (ActionController::UnknownFormat):
  
app/controllers/kittens_controller.rb:14:in `show'
Started GET "/" for 127.0.0.1 at 2018-02-19 12:01:31 -0300
Processing by KittensController#index as HTML
Completed 406 Not Acceptable in 1ms (ActiveRecord: 0.0ms)


  
ActionController::UnknownFormat (ActionController::UnknownFormat):
  
app/controllers/kittens_controller.rb:6:in `index'
Started GET "/" for 127.0.0.1 at 2018-02-19 12:02:07 -0300
Processing by KittensController#index as HTML
  Rendering html template
  Rendered html template (0.0ms)
Completed 200 OK in 27ms (Views: 17.7ms)


Started GET "/kittens/1" for 127.0.0.1 at 2018-02-19 12:02:17 -0300
Processing by KittensController#show as HTML
  Parameters: {"id"=>"1"}
  [1m[36mKitten Load (0.1ms)[0m  [1m[34mSELECT  "kittens".* FROM "kittens" WHERE "kittens"."id" = ? LIMIT ?[0m  [["id", 1], ["LIMIT", 1]]
  Rendering html template
  Rendered html template (0.0ms)
Completed 200 OK in 7ms (Views: 0.3ms | ActiveRecord: 0.8ms)


Started GET "/" for 127.0.0.1 at 2018-02-19 12:02:19 -0300
Processing by KittensController#index as HTML
  Rendering html template
  Rendered html template (0.1ms)
Completed 200 OK in 3ms (Views: 1.4ms | ActiveRecord: 0.0ms)


Started GET "/" for 127.0.0.1 at 2018-02-19 12:02:21 -0300
Processing by KittensController#index as HTML
  Rendering html template
  Rendered html template (0.0ms)
Completed 200 OK in 1ms (Views: 0.5ms | ActiveRecord: 0.0ms)


Started GET "/" for 127.0.0.1 at 2018-02-19 12:02:52 -0300
Processing by KittensController#index as HTML
  Rendering kittens/index.html.erb within layouts/application
  [1m[36mKitten Load (0.2ms)[0m  [1m[34mSELECT "kittens".* FROM "kittens"[0m
  Rendered kittens/index.html.erb within layouts/application (7.6ms)
Completed 200 OK in 27ms (Views: 24.9ms | ActiveRecord: 0.9ms)


Started GET "/kittens/1" for 127.0.0.1 at 2018-02-19 12:02:55 -0300
Processing by KittensController#show as HTML
  Parameters: {"id"=>"1"}
  [1m[36mKitten Load (0.1ms)[0m  [1m[34mSELECT  "kittens".* FROM "kittens" WHERE "kittens"."id" = ? LIMIT ?[0m  [["id", 1], ["LIMIT", 1]]
  Rendering kittens/show.html.erb within layouts/application
  Rendered kittens/show.html.erb within layouts/application (0.7ms)
Completed 200 OK in 14ms (Views: 12.1ms | ActiveRecord: 0.1ms)


Started GET "/kittens/1" for 127.0.0.1 at 2018-02-19 12:03:02 -0300
Processing by KittensController#show as JSON
  Parameters: {"id"=>"1"}
  [1m[36mKitten Load (0.2ms)[0m  [1m[34mSELECT  "kittens".* FROM "kittens" WHERE "kittens"."id" = ? LIMIT ?[0m  [["id", 1], ["LIMIT", 1]]
Completed 200 OK in 2ms (Views: 0.7ms | ActiveRecord: 0.2ms)


